This file contains any messages produced by compilers while
running configure, to aid debugging if configure makes a mistake.

It was created by sgxautosample configure 1.0, which was
generated by GNU Autoconf 2.69.  Invocation command line was

  $ ./configure --with-openssldir=/opt/openssl/1.1.1i --no-create --no-recursion

## --------- ##
## Platform. ##
## --------- ##

hostname = bogdanTailupThesisComputer3
uname -m = x86_64
uname -r = 5.15.0-1037-azure
uname -s = Linux
uname -v = #44~20.04.1-Ubuntu SMP Mon Apr 24 21:52:51 UTC 2023

/usr/bin/uname -p = x86_64
/bin/uname -X     = unknown

/bin/arch              = x86_64
/usr/bin/arch -k       = unknown
/usr/convex/getsysinfo = unknown
/usr/bin/hostinfo      = unknown
/bin/machine           = unknown
/usr/bin/oslevel       = unknown
/bin/universe          = unknown

PATH: /usr/local/sbin
PATH: /usr/local/bin
PATH: /usr/sbin
PATH: /usr/bin
PATH: /sbin
PATH: /bin
PATH: /snap/bin


## ----------- ##
## Core tests. ##
## ----------- ##

configure:2250: checking for a BSD-compatible install
configure:2318: result: /usr/bin/install -c
configure:2329: checking whether build environment is sane
configure:2384: result: yes
configure:2533: checking for a thread-safe mkdir -p
configure:2572: result: /usr/bin/mkdir -p
configure:2579: checking for gawk
configure:2595: found /usr/bin/gawk
configure:2606: result: gawk
configure:2617: checking whether make sets $(MAKE)
configure:2639: result: yes
configure:2668: checking whether make supports nested variables
configure:2685: result: yes
configure:2870: checking for g++
configure:2886: found /usr/bin/g++
configure:2897: result: g++
configure:2924: checking for C++ compiler version
configure:2933: g++ --version >&5
g++ (Ubuntu 9.4.0-1ubuntu1~20.04.1) 9.4.0
Copyright (C) 2019 Free Software Foundation, Inc.
This is free software; see the source for copying conditions.  There is NO
warranty; not even for MERCHANTABILITY or FITNESS FOR A PARTICULAR PURPOSE.

configure:2944: $? = 0
configure:2933: g++ -v >&5
Using built-in specs.
COLLECT_GCC=g++
COLLECT_LTO_WRAPPER=/usr/lib/gcc/x86_64-linux-gnu/9/lto-wrapper
OFFLOAD_TARGET_NAMES=nvptx-none:hsa
OFFLOAD_TARGET_DEFAULT=1
Target: x86_64-linux-gnu
Configured with: ../src/configure -v --with-pkgversion='Ubuntu 9.4.0-1ubuntu1~20.04.1' --with-bugurl=file:///usr/share/doc/gcc-9/README.Bugs --enable-languages=c,ada,c++,go,brig,d,fortran,objc,obj-c++,gm2 --prefix=/usr --with-gcc-major-version-only --program-suffix=-9 --program-prefix=x86_64-linux-gnu- --enable-shared --enable-linker-build-id --libexecdir=/usr/lib --without-included-gettext --enable-threads=posix --libdir=/usr/lib --enable-nls --enable-clocale=gnu --enable-libstdcxx-debug --enable-libstdcxx-time=yes --with-default-libstdcxx-abi=new --enable-gnu-unique-object --disable-vtable-verify --enable-plugin --enable-default-pie --with-system-zlib --with-target-system-zlib=auto --enable-objc-gc=auto --enable-multiarch --disable-werror --with-arch-32=i686 --with-abi=m64 --with-multilib-list=m32,m64,mx32 --enable-multilib --with-tune=generic --enable-offload-targets=nvptx-none=/build/gcc-9-Av3uEd/gcc-9-9.4.0/debian/tmp-nvptx/usr,hsa --without-cuda-driver --enable-checking=release --build=x86_64-linux-gnu --host=x86_64-linux-gnu --target=x86_64-linux-gnu
Thread model: posix
gcc version 9.4.0 (Ubuntu 9.4.0-1ubuntu1~20.04.1) 
configure:2944: $? = 0
configure:2933: g++ -V >&5
g++: error: unrecognized command line option '-V'
g++: fatal error: no input files
compilation terminated.
configure:2944: $? = 1
configure:2933: g++ -qversion >&5
g++: error: unrecognized command line option '-qversion'; did you mean '--version'?
g++: fatal error: no input files
compilation terminated.
configure:2944: $? = 1
configure:2964: checking whether the C++ compiler works
configure:2986: g++    conftest.cpp  >&5
configure:2990: $? = 0
configure:3038: result: yes
configure:3041: checking for C++ compiler default output file name
configure:3043: result: a.out
configure:3049: checking for suffix of executables
configure:3056: g++ -o conftest    conftest.cpp  >&5
configure:3060: $? = 0
configure:3082: result: 
configure:3104: checking whether we are cross compiling
configure:3112: g++ -o conftest    conftest.cpp  >&5
configure:3116: $? = 0
configure:3123: ./conftest
configure:3127: $? = 0
configure:3115: result: no
configure:3120: checking for suffix of object files
configure:3142: g++ -c   conftest.cpp >&5
configure:3146: $? = 0
configure:3167: result: o
configure:3171: checking whether we are using the GNU C++ compiler
configure:3190: g++ -c   conftest.cpp >&5
configure:3190: $? = 0
configure:3199: result: yes
configure:3208: checking whether g++ accepts -g
configure:3228: g++ -c -g  conftest.cpp >&5
configure:3228: $? = 0
configure:3269: result: yes
configure:3295: checking whether make supports the include directive
configure:3310: make -f confmf.GNU && cat confinc.out
make[1]: Entering directory '/home/azureuser/sgx-deployment-framework-remote-attestation'
make[1]: Leaving directory '/home/azureuser/sgx-deployment-framework-remote-attestation'
this is the am__doit target
configure:3313: $? = 0
configure:3332: result: yes (GNU style)
configure:3357: checking dependency style of g++
configure:3468: result: gcc3
configure:3531: checking for gcc
configure:3547: found /usr/bin/gcc
configure:3558: result: gcc
configure:3787: checking for C compiler version
configure:3796: gcc --version >&5
gcc (Ubuntu 9.4.0-1ubuntu1~20.04.1) 9.4.0
Copyright (C) 2019 Free Software Foundation, Inc.
This is free software; see the source for copying conditions.  There is NO
warranty; not even for MERCHANTABILITY or FITNESS FOR A PARTICULAR PURPOSE.

configure:3807: $? = 0
configure:3796: gcc -v >&5
Using built-in specs.
COLLECT_GCC=gcc
COLLECT_LTO_WRAPPER=/usr/lib/gcc/x86_64-linux-gnu/9/lto-wrapper
OFFLOAD_TARGET_NAMES=nvptx-none:hsa
OFFLOAD_TARGET_DEFAULT=1
Target: x86_64-linux-gnu
Configured with: ../src/configure -v --with-pkgversion='Ubuntu 9.4.0-1ubuntu1~20.04.1' --with-bugurl=file:///usr/share/doc/gcc-9/README.Bugs --enable-languages=c,ada,c++,go,brig,d,fortran,objc,obj-c++,gm2 --prefix=/usr --with-gcc-major-version-only --program-suffix=-9 --program-prefix=x86_64-linux-gnu- --enable-shared --enable-linker-build-id --libexecdir=/usr/lib --without-included-gettext --enable-threads=posix --libdir=/usr/lib --enable-nls --enable-clocale=gnu --enable-libstdcxx-debug --enable-libstdcxx-time=yes --with-default-libstdcxx-abi=new --enable-gnu-unique-object --disable-vtable-verify --enable-plugin --enable-default-pie --with-system-zlib --with-target-system-zlib=auto --enable-objc-gc=auto --enable-multiarch --disable-werror --with-arch-32=i686 --with-abi=m64 --with-multilib-list=m32,m64,mx32 --enable-multilib --with-tune=generic --enable-offload-targets=nvptx-none=/build/gcc-9-Av3uEd/gcc-9-9.4.0/debian/tmp-nvptx/usr,hsa --without-cuda-driver --enable-checking=release --build=x86_64-linux-gnu --host=x86_64-linux-gnu --target=x86_64-linux-gnu
Thread model: posix
gcc version 9.4.0 (Ubuntu 9.4.0-1ubuntu1~20.04.1) 
configure:3807: $? = 0
configure:3796: gcc -V >&5
gcc: error: unrecognized command line option '-V'
gcc: fatal error: no input files
compilation terminated.
configure:3807: $? = 1
configure:3796: gcc -qversion >&5
gcc: error: unrecognized command line option '-qversion'; did you mean '--version'?
gcc: fatal error: no input files
compilation terminated.
configure:3807: $? = 1
configure:3811: checking whether we are using the GNU C compiler
configure:3830: gcc -c   conftest.c >&5
configure:3830: $? = 0
configure:3839: result: yes
configure:3848: checking whether gcc accepts -g
configure:3868: gcc -c -g  conftest.c >&5
configure:3868: $? = 0
configure:3909: result: yes
configure:3926: checking for gcc option to accept ISO C89
configure:3989: gcc  -c -g -O2  conftest.c >&5
configure:3989: $? = 0
configure:4002: result: none needed
configure:4027: checking whether gcc understands -c and -o together
configure:4049: gcc -c conftest.c -o conftest2.o
configure:4052: $? = 0
configure:4049: gcc -c conftest.c -o conftest2.o
configure:4052: $? = 0
configure:4064: result: yes
configure:4083: checking dependency style of gcc
configure:4194: result: gcc3
configure:4214: checking how to run the C preprocessor
configure:4245: gcc -E  conftest.c
configure:4245: $? = 0
configure:4259: gcc -E  conftest.c
conftest.c:11:10: fatal error: ac_nonexistent.h: No such file or directory
   11 | #include <ac_nonexistent.h>
      |          ^~~~~~~~~~~~~~~~~~
compilation terminated.
configure:4259: $? = 1
configure: failed program was:
| /* confdefs.h */
| #define PACKAGE_NAME "sgxautosample"
| #define PACKAGE_TARNAME "sgxautosample"
| #define PACKAGE_VERSION "1.0"
| #define PACKAGE_STRING "sgxautosample 1.0"
| #define PACKAGE_BUGREPORT "john.p.mechalas@intel.com"
| #define PACKAGE_URL ""
| #define PACKAGE "sgxautosample"
| #define VERSION "1.0"
| /* end confdefs.h.  */
| #include <ac_nonexistent.h>
configure:4284: result: gcc -E
configure:4304: gcc -E  conftest.c
configure:4304: $? = 0
configure:4318: gcc -E  conftest.c
conftest.c:11:10: fatal error: ac_nonexistent.h: No such file or directory
   11 | #include <ac_nonexistent.h>
      |          ^~~~~~~~~~~~~~~~~~
compilation terminated.
configure:4318: $? = 1
configure: failed program was:
| /* confdefs.h */
| #define PACKAGE_NAME "sgxautosample"
| #define PACKAGE_TARNAME "sgxautosample"
| #define PACKAGE_VERSION "1.0"
| #define PACKAGE_STRING "sgxautosample 1.0"
| #define PACKAGE_BUGREPORT "john.p.mechalas@intel.com"
| #define PACKAGE_URL ""
| #define PACKAGE "sgxautosample"
| #define VERSION "1.0"
| /* end confdefs.h.  */
| #include <ac_nonexistent.h>
configure:4391: checking for ranlib
configure:4407: found /usr/bin/ranlib
configure:4418: result: ranlib
configure:4642: Found your Intel SGX SDK in /opt/intel/sgxsdk
configure:4699: enabling SGX... yes
configure:4728: checking for grep that handles long lines and -e
configure:4786: result: /usr/bin/grep
configure:4791: checking for egrep
configure:4853: result: /usr/bin/grep -E
configure:4876: checking for xxd
configure:4894: found /usr/bin/xxd
configure:4906: result: /usr/bin/xxd
configure:4927: checking for ANSI C header files
configure:4947: gcc -c -g -O2  conftest.c >&5
configure:4947: $? = 0
configure:5020: gcc -o conftest -g -O2   -L/opt/openssl/1.1.1i/lib conftest.c  >&5
configure:5020: $? = 0
configure:5020: ./conftest
configure:5020: $? = 0
configure:5031: result: yes
configure:5044: checking for sys/types.h
configure:5044: gcc -c -g -O2  conftest.c >&5
configure:5044: $? = 0
configure:5044: result: yes
configure:5044: checking for sys/stat.h
configure:5044: gcc -c -g -O2  conftest.c >&5
configure:5044: $? = 0
configure:5044: result: yes
configure:5044: checking for stdlib.h
configure:5044: gcc -c -g -O2  conftest.c >&5
configure:5044: $? = 0
configure:5044: result: yes
configure:5044: checking for string.h
configure:5044: gcc -c -g -O2  conftest.c >&5
configure:5044: $? = 0
configure:5044: result: yes
configure:5044: checking for memory.h
configure:5044: gcc -c -g -O2  conftest.c >&5
configure:5044: $? = 0
configure:5044: result: yes
configure:5044: checking for strings.h
configure:5044: gcc -c -g -O2  conftest.c >&5
configure:5044: $? = 0
configure:5044: result: yes
configure:5044: checking for inttypes.h
configure:5044: gcc -c -g -O2  conftest.c >&5
configure:5044: $? = 0
configure:5044: result: yes
configure:5044: checking for stdint.h
configure:5044: gcc -c -g -O2  conftest.c >&5
configure:5044: $? = 0
configure:5044: result: yes
configure:5044: checking for unistd.h
configure:5044: gcc -c -g -O2  conftest.c >&5
configure:5044: $? = 0
configure:5044: result: yes
configure:5059: checking openssl/evp.h usability
configure:5059: gcc -c -g -O2  conftest.c >&5
configure:5059: $? = 0
configure:5059: result: yes
configure:5059: checking openssl/evp.h presence
configure:5059: gcc -E  conftest.c
configure:5059: $? = 0
configure:5059: result: yes
configure:5059: checking for openssl/evp.h
configure:5059: result: yes
configure:5059: checking openssl/x509.h usability
configure:5059: gcc -c -g -O2  conftest.c >&5
configure:5059: $? = 0
configure:5059: result: yes
configure:5059: checking openssl/x509.h presence
configure:5059: gcc -E  conftest.c
configure:5059: $? = 0
configure:5059: result: yes
configure:5059: checking for openssl/x509.h
configure:5059: result: yes
configure:5059: checking openssl/pem.h usability
configure:5059: gcc -c -g -O2  conftest.c >&5
configure:5059: $? = 0
configure:5059: result: yes
configure:5059: checking openssl/pem.h presence
configure:5059: gcc -E  conftest.c
configure:5059: $? = 0
configure:5059: result: yes
configure:5059: checking for openssl/pem.h
configure:5059: result: yes
configure:5074: checking for library containing ECDSA_SIG_set0
configure:5105: gcc -o conftest -g -O2   -L/opt/openssl/1.1.1i/lib conftest.c  >&5
/usr/bin/ld: /tmp/ccp1IjpJ.o: in function `main':
/home/azureuser/sgx-deployment-framework-remote-attestation/conftest.c:36: undefined reference to `ECDSA_SIG_set0'
collect2: error: ld returned 1 exit status
configure:5105: $? = 1
configure: failed program was:
| /* confdefs.h */
| #define PACKAGE_NAME "sgxautosample"
| #define PACKAGE_TARNAME "sgxautosample"
| #define PACKAGE_VERSION "1.0"
| #define PACKAGE_STRING "sgxautosample 1.0"
| #define PACKAGE_BUGREPORT "john.p.mechalas@intel.com"
| #define PACKAGE_URL ""
| #define PACKAGE "sgxautosample"
| #define VERSION "1.0"
| #define DEBUG 1
| #define STDC_HEADERS 1
| #define HAVE_SYS_TYPES_H 1
| #define HAVE_SYS_STAT_H 1
| #define HAVE_STDLIB_H 1
| #define HAVE_STRING_H 1
| #define HAVE_MEMORY_H 1
| #define HAVE_STRINGS_H 1
| #define HAVE_INTTYPES_H 1
| #define HAVE_STDINT_H 1
| #define HAVE_UNISTD_H 1
| #define HAVE_OPENSSL_EVP_H 1
| #define HAVE_OPENSSL_X509_H 1
| #define HAVE_OPENSSL_PEM_H 1
| /* end confdefs.h.  */
| 
| /* Override any GCC internal prototype to avoid an error.
|    Use char because int might match the return type of a GCC
|    builtin and then its argument prototype would still apply.  */
| #ifdef __cplusplus
| extern "C"
| #endif
| char ECDSA_SIG_set0 ();
| int
| main ()
| {
| return ECDSA_SIG_set0 ();
|   ;
|   return 0;
| }
configure:5105: gcc -o conftest -g -O2   -L/opt/openssl/1.1.1i/lib conftest.c -lcrypto   >&5
configure:5105: $? = 0
configure:5122: result: -lcrypto
configure:5159: checking curl/curl.h usability
configure:5159: gcc -c -g -O2  conftest.c >&5
conftest.c:58:10: fatal error: curl/curl.h: No such file or directory
   58 | #include <curl/curl.h>
      |          ^~~~~~~~~~~~~
compilation terminated.
configure:5159: $? = 1
configure: failed program was:
| /* confdefs.h */
| #define PACKAGE_NAME "sgxautosample"
| #define PACKAGE_TARNAME "sgxautosample"
| #define PACKAGE_VERSION "1.0"
| #define PACKAGE_STRING "sgxautosample 1.0"
| #define PACKAGE_BUGREPORT "john.p.mechalas@intel.com"
| #define PACKAGE_URL ""
| #define PACKAGE "sgxautosample"
| #define VERSION "1.0"
| #define DEBUG 1
| #define STDC_HEADERS 1
| #define HAVE_SYS_TYPES_H 1
| #define HAVE_SYS_STAT_H 1
| #define HAVE_STDLIB_H 1
| #define HAVE_STRING_H 1
| #define HAVE_MEMORY_H 1
| #define HAVE_STRINGS_H 1
| #define HAVE_INTTYPES_H 1
| #define HAVE_STDINT_H 1
| #define HAVE_UNISTD_H 1
| #define HAVE_OPENSSL_EVP_H 1
| #define HAVE_OPENSSL_X509_H 1
| #define HAVE_OPENSSL_PEM_H 1
| /* end confdefs.h.  */
| #include <stdio.h>
| #ifdef HAVE_SYS_TYPES_H
| # include <sys/types.h>
| #endif
| #ifdef HAVE_SYS_STAT_H
| # include <sys/stat.h>
| #endif
| #ifdef STDC_HEADERS
| # include <stdlib.h>
| # include <stddef.h>
| #else
| # ifdef HAVE_STDLIB_H
| #  include <stdlib.h>
| # endif
| #endif
| #ifdef HAVE_STRING_H
| # if !defined STDC_HEADERS && defined HAVE_MEMORY_H
| #  include <memory.h>
| # endif
| # include <string.h>
| #endif
| #ifdef HAVE_STRINGS_H
| # include <strings.h>
| #endif
| #ifdef HAVE_INTTYPES_H
| # include <inttypes.h>
| #endif
| #ifdef HAVE_STDINT_H
| # include <stdint.h>
| #endif
| #ifdef HAVE_UNISTD_H
| # include <unistd.h>
| #endif
| #include <curl/curl.h>
configure:5159: result: no
configure:5159: checking curl/curl.h presence
configure:5159: gcc -E  conftest.c
conftest.c:25:10: fatal error: curl/curl.h: No such file or directory
   25 | #include <curl/curl.h>
      |          ^~~~~~~~~~~~~
compilation terminated.
configure:5159: $? = 1
configure: failed program was:
| /* confdefs.h */
| #define PACKAGE_NAME "sgxautosample"
| #define PACKAGE_TARNAME "sgxautosample"
| #define PACKAGE_VERSION "1.0"
| #define PACKAGE_STRING "sgxautosample 1.0"
| #define PACKAGE_BUGREPORT "john.p.mechalas@intel.com"
| #define PACKAGE_URL ""
| #define PACKAGE "sgxautosample"
| #define VERSION "1.0"
| #define DEBUG 1
| #define STDC_HEADERS 1
| #define HAVE_SYS_TYPES_H 1
| #define HAVE_SYS_STAT_H 1
| #define HAVE_STDLIB_H 1
| #define HAVE_STRING_H 1
| #define HAVE_MEMORY_H 1
| #define HAVE_STRINGS_H 1
| #define HAVE_INTTYPES_H 1
| #define HAVE_STDINT_H 1
| #define HAVE_UNISTD_H 1
| #define HAVE_OPENSSL_EVP_H 1
| #define HAVE_OPENSSL_X509_H 1
| #define HAVE_OPENSSL_PEM_H 1
| /* end confdefs.h.  */
| #include <curl/curl.h>
configure:5159: result: no
configure:5159: checking for curl/curl.h
configure:5159: result: no
configure:5271: checking CA bundle file
configure:5282: result: /etc/ssl/certs/ca-certificates.crt
configure:5397: checking that generated files are newer than configure
configure:5403: result: done
configure:5446: creating ./config.status

## ---------------- ##
## Cache variables. ##
## ---------------- ##

ac_cv_c_compiler_gnu=yes
ac_cv_cxx_compiler_gnu=yes
ac_cv_default_ca_bundle_auto=/etc/ssl/certs/ca-certificates.crt
ac_cv_enable_sgx=yes
ac_cv_env_CCC_set=
ac_cv_env_CCC_value=
ac_cv_env_CC_set=
ac_cv_env_CC_value=
ac_cv_env_CFLAGS_set=
ac_cv_env_CFLAGS_value=
ac_cv_env_CPPFLAGS_set=
ac_cv_env_CPPFLAGS_value=
ac_cv_env_CPP_set=
ac_cv_env_CPP_value=
ac_cv_env_CXXFLAGS_set=
ac_cv_env_CXXFLAGS_value=
ac_cv_env_CXX_set=
ac_cv_env_CXX_value=
ac_cv_env_LDFLAGS_set=
ac_cv_env_LDFLAGS_value=
ac_cv_env_LIBS_set=
ac_cv_env_LIBS_value=
ac_cv_env_build_alias_set=
ac_cv_env_build_alias_value=
ac_cv_env_host_alias_set=
ac_cv_env_host_alias_value=
ac_cv_env_target_alias_set=
ac_cv_env_target_alias_value=
ac_cv_header_curl_curl_h=no
ac_cv_header_inttypes_h=yes
ac_cv_header_memory_h=yes
ac_cv_header_openssl_evp_h=yes
ac_cv_header_openssl_pem_h=yes
ac_cv_header_openssl_x509_h=yes
ac_cv_header_stdc=yes
ac_cv_header_stdint_h=yes
ac_cv_header_stdlib_h=yes
ac_cv_header_string_h=yes
ac_cv_header_strings_h=yes
ac_cv_header_sys_stat_h=yes
ac_cv_header_sys_types_h=yes
ac_cv_header_unistd_h=yes
ac_cv_objext=o
ac_cv_path_EGREP='/usr/bin/grep -E'
ac_cv_path_GREP=/usr/bin/grep
ac_cv_path_have_xxd=/usr/bin/xxd
ac_cv_path_install='/usr/bin/install -c'
ac_cv_path_mkdir=/usr/bin/mkdir
ac_cv_prog_AWK=gawk
ac_cv_prog_CPP='gcc -E'
ac_cv_prog_ac_ct_CC=gcc
ac_cv_prog_ac_ct_CXX=g++
ac_cv_prog_ac_ct_RANLIB=ranlib
ac_cv_prog_cc_c89=
ac_cv_prog_cc_g=yes
ac_cv_prog_cxx_g=yes
ac_cv_prog_make_make_set=yes
ac_cv_search_ECDSA_SIG_set0=-lcrypto
ac_cv_sgx_enclave_ldadd='-Wl,--no-undefined -Wl,--whole-archive -lsgx_trts -Wl,--no-whole-archive -Wl,--start-group -lsgx_tstdc -lsgx_tcrypto -lsgx_tservice_lib -Wl,--end-group -Wl,-Bstatic -Wl,-Bsymbolic -Wl,-pie,-eenclave_entry -Wl,--export-dynamic -Wl,--defsym,__ImageBase=0'
ac_cv_sgx_enclave_ldflags='-nostdlib -nodefaultlibs -nostartfiles -L/opt/intel/sgxsdk/lib64'
ac_cv_sgx_init=yes
ac_cv_sgx_sdk=/opt/intel/sgxsdk
ac_cv_sgx_sdk_bindir=/opt/intel/sgxsdk/bin/x64
ac_cv_sgx_sdk_incdir=/opt/intel/sgxsdk/include
ac_cv_sgx_sdk_libdir=/opt/intel/sgxsdk/lib64
ac_cv_sgx_tlib_cflags='-nostdinc -fvisibility=hidden -fpie -fstack-protector'
ac_cv_sgx_tlib_cppflags='-I/opt/intel/sgxsdk/include -I/opt/intel/sgxsdk/include/tlibc'
ac_cv_sgx_tlib_cxxflags='-nostdinc++ -fvisibility=hidden -fpie -fstack-protector'
am_cv_CC_dependencies_compiler_type=gcc3
am_cv_CXX_dependencies_compiler_type=gcc3
am_cv_make_support_nested_variables=yes
am_cv_prog_cc_c_o=yes

## ----------------- ##
## Output variables. ##
## ----------------- ##

ACLOCAL='${SHELL} /home/azureuser/sgx-deployment-framework-remote-attestation/missing aclocal-1.16'
AGENT_CURL_FALSE=''
AGENT_CURL_SRC=''
AGENT_CURL_TRUE='#'
AMDEPBACKSLASH='\'
AMDEP_FALSE='#'
AMDEP_TRUE=''
AMTAR='$${TAR-tar}'
AM_BACKSLASH='\'
AM_DEFAULT_V='$(AM_DEFAULT_VERBOSITY)'
AM_DEFAULT_VERBOSITY='1'
AM_V='$(V)'
AUTOCONF='${SHELL} /home/azureuser/sgx-deployment-framework-remote-attestation/missing autoconf'
AUTOHEADER='${SHELL} /home/azureuser/sgx-deployment-framework-remote-attestation/missing autoheader'
AUTOMAKE='${SHELL} /home/azureuser/sgx-deployment-framework-remote-attestation/missing automake-1.16'
AWK='gawk'
CC='gcc'
CCDEPMODE='depmode=gcc3'
CFLAGS='-g -O2'
CPP='gcc -E'
CPPFLAGS=''
CURL_CPPFLAGS=''
CURL_LDFLAGS=''
CURL_LIBDIR=''
CURL_LIBS=''
CXX='g++'
CXXDEPMODE='depmode=gcc3'
CXXFLAGS='-g -O2'
CYGPATH_W='echo'
DEFS='-DHAVE_CONFIG_H'
DEPDIR='.deps'
ECHO_C=''
ECHO_N='-n'
ECHO_T=''
EGREP='/usr/bin/grep -E'
ENCLAVE_RELEASE_SIGN_FALSE=''
ENCLAVE_RELEASE_SIGN_TRUE='#'
ENCLAVE_SIGN_TARGET='signed_enclave_dev'
EXEEXT=''
GREP='/usr/bin/grep'
INSTALL_DATA='${INSTALL} -m 644'
INSTALL_PROGRAM='${INSTALL}'
INSTALL_SCRIPT='${INSTALL}'
INSTALL_STRIP_PROGRAM='$(install_sh) -c -s'
LDFLAGS=''
LIBOBJS=''
LIBS=''
LIBS_HW_SIMU=''
LTLIBOBJS=''
MAKEINFO='${SHELL} /home/azureuser/sgx-deployment-framework-remote-attestation/missing makeinfo'
MKDIR_P='/usr/bin/mkdir -p'
OBJEXT='o'
OPENSSL_CPPFLAGS='-I/opt/openssl/1.1.1i/include'
OPENSSL_LDFLAGS='-L/opt/openssl/1.1.1i/lib'
OPENSSL_LIBDIR='/opt/openssl/1.1.1i/lib'
PACKAGE='sgxautosample'
PACKAGE_BUGREPORT='john.p.mechalas@intel.com'
PACKAGE_NAME='sgxautosample'
PACKAGE_STRING='sgxautosample 1.0'
PACKAGE_TARNAME='sgxautosample'
PACKAGE_URL=''
PACKAGE_VERSION='1.0'
PATH_SEPARATOR=':'
RANLIB='ranlib'
SET_MAKE=''
SGXSDK='/opt/intel/sgxsdk'
SGXSDK_BINDIR='/opt/intel/sgxsdk/bin/x64'
SGXSDK_INCDIR='/opt/intel/sgxsdk/include'
SGXSDK_LIBDIR='/opt/intel/sgxsdk/lib64'
SGXSSL='/opt/intel/sgxssl'
SGXSSL_INCDIR='/opt/intel/sgxssl/include'
SGXSSL_LIBDIR='/opt/intel/sgxssl/lib64'
SGX_DEBUG_FLAGS=''
SGX_ENABLED_FALSE='#'
SGX_ENABLED_TRUE=''
SGX_ENCLAVE_CFLAGS='-nostdinc -fvisibility=hidden -fpie -ffunction-sections -fdata-sections -fstack-protector'
SGX_ENCLAVE_CPPFLAGS='-I$(SGXSDK_INCDIR) -I$(SGXSDK_INCDIR)/tlibc'
SGX_ENCLAVE_CXXFLAGS='-nostdinc++ -fvisibility=hidden -fpie -ffunction-sections -fdata-sections -fstack-protector'
SGX_ENCLAVE_LDADD='-Wl,--no-undefined -Wl,--whole-archive -l$(SGX_TRTS_LIB) -Wl,--no-whole-archive -Wl,--start-group $(SGX_EXTRA_TLIBS) -lsgx_tstdc -lsgx_tcrypto -l$(SGX_TSERVICE_LIB) -Wl,--end-group -Wl,-Bstatic -Wl,-Bsymbolic -Wl,-pie,-eenclave_entry -Wl,--export-dynamic -Wl,--defsym,__ImageBase=0'
SGX_ENCLAVE_LDFLAGS='-nostdlib -nodefaultlibs -nostartfiles -L$(SGXSDK_LIBDIR)'
SGX_HW_SIM_FALSE=''
SGX_HW_SIM_TRUE='#'
SGX_TLIB_CFLAGS='-nostdinc -fvisibility=hidden -fpie -fstack-protector'
SGX_TLIB_CPPFLAGS='-I$(SGXSDK_INCDIR) -I$(SGXSDK_INCDIR)/tlibc'
SGX_TLIB_CXXFLAGS='-nostdinc++ -fvisibility=hidden -fpie -fstack-protector'
SGX_TRTS_LIB='sgx_trts'
SGX_TSERVICE_LIB='sgx_tservice'
SGX_URTS_LIB='sgx_urts'
SHELL='/bin/bash'
STRIP=''
VERSION='1.0'
ac_ct_CC='gcc'
ac_ct_CXX='g++'
am__EXEEXT_FALSE=''
am__EXEEXT_TRUE='#'
am__fastdepCC_FALSE='#'
am__fastdepCC_TRUE=''
am__fastdepCXX_FALSE='#'
am__fastdepCXX_TRUE=''
am__include='include'
am__isrc=''
am__leading_dot='.'
am__nodep='_no'
am__quote=''
am__tar='$${TAR-tar} chof - "$$tardir"'
am__untar='$${TAR-tar} xf -'
bindir='${exec_prefix}/bin'
build_alias=''
datadir='${datarootdir}'
datarootdir='${prefix}/share'
docdir='${datarootdir}/doc/${PACKAGE_TARNAME}'
dvidir='${docdir}'
enclave_libdir='${exec_prefix}/libexec'
exec_prefix='${prefix}'
have_xxd='/usr/bin/xxd'
host_alias=''
htmldir='${docdir}'
includedir='${prefix}/include'
infodir='${datarootdir}/info'
install_sh='${SHELL} /home/azureuser/sgx-deployment-framework-remote-attestation/install-sh'
libdir='${exec_prefix}/lib'
libexecdir='${exec_prefix}/libexec'
localedir='${datarootdir}/locale'
localstatedir='${prefix}/var'
mandir='${datarootdir}/man'
mkdir_p='$(MKDIR_P)'
oldincludedir='/usr/include'
pdfdir='${docdir}'
prefix='/usr/local'
program_transform_name='s,x,x,'
psdir='${docdir}'
runstatedir='${localstatedir}/run'
sbindir='${exec_prefix}/sbin'
sharedstatedir='${prefix}/com'
sysconfdir='${prefix}/etc'
target_alias=''

## ----------- ##
## confdefs.h. ##
## ----------- ##

/* confdefs.h */
#define PACKAGE_NAME "sgxautosample"
#define PACKAGE_TARNAME "sgxautosample"
#define PACKAGE_VERSION "1.0"
#define PACKAGE_STRING "sgxautosample 1.0"
#define PACKAGE_BUGREPORT "john.p.mechalas@intel.com"
#define PACKAGE_URL ""
#define PACKAGE "sgxautosample"
#define VERSION "1.0"
#define DEBUG 1
#define STDC_HEADERS 1
#define HAVE_SYS_TYPES_H 1
#define HAVE_SYS_STAT_H 1
#define HAVE_STDLIB_H 1
#define HAVE_STRING_H 1
#define HAVE_MEMORY_H 1
#define HAVE_STRINGS_H 1
#define HAVE_INTTYPES_H 1
#define HAVE_STDINT_H 1
#define HAVE_UNISTD_H 1
#define HAVE_OPENSSL_EVP_H 1
#define HAVE_OPENSSL_X509_H 1
#define HAVE_OPENSSL_PEM_H 1
#define DEFAULT_CA_BUNDLE_AUTO "/etc/ssl/certs/ca-certificates.crt"

configure: exit 0

## ---------------------- ##
## Running config.status. ##
## ---------------------- ##

This file was extended by sgxautosample config.status 1.0, which was
generated by GNU Autoconf 2.69.  Invocation command line was

  CONFIG_FILES    = 
  CONFIG_HEADERS  = 
  CONFIG_LINKS    = 
  CONFIG_COMMANDS = 
  $ ./config.status 

on bogdanTailupThesisComputer3

config.status:905: creating mrsigner.sh
config.status:905: creating run-server
config.status:905: creating run-client
config.status:905: creating Makefile
config.status:905: creating Enclave/Makefile
config.status:905: creating config.h
config.status:1086: config.h is unchanged
config.status:1134: executing depfiles commands
config.status:1211: cd .       && sed -e '/# am--include-marker/d' Makefile         | make -f - am--depfiles
make[1]: Entering directory '/home/azureuser/sgx-deployment-framework-remote-attestation'
make[1]: Nothing to be done for 'am--depfiles'.
make[1]: Leaving directory '/home/azureuser/sgx-deployment-framework-remote-attestation'
config.status:1216: $? = 0
config.status:1211: cd Enclave       && sed -e '/# am--include-marker/d' Makefile         | make -f - am--depfiles
make[1]: Entering directory '/home/azureuser/sgx-deployment-framework-remote-attestation/Enclave'
make[1]: Nothing to be done for 'am--depfiles'.
make[1]: Leaving directory '/home/azureuser/sgx-deployment-framework-remote-attestation/Enclave'
config.status:1216: $? = 0

## ---------------------- ##
## Running config.status. ##
## ---------------------- ##

This file was extended by sgxautosample config.status 1.0, which was
generated by GNU Autoconf 2.69.  Invocation command line was

  CONFIG_FILES    = 
  CONFIG_HEADERS  = 
  CONFIG_LINKS    = 
  CONFIG_COMMANDS = 
  $ ./config.status config.h

on bogdanTailupThesisComputer3

config.status:905: creating config.h
config.status:1086: config.h is unchanged
